Determining if the pthread_create exist failed with the following output:
Change Dir: /home/gabriel/Documents/ENGINE/CMakeFiles/CMakeTmp

Run Build Command:"/usr/bin/make" "cmTC_4d939/fast"
/usr/bin/make -f CMakeFiles/cmTC_4d939.dir/build.make CMakeFiles/cmTC_4d939.dir/build
make[1] : on entre dans le répertoire « /home/gabriel/Documents/ENGINE/CMakeFiles/CMakeTmp »
Building C object CMakeFiles/cmTC_4d939.dir/CheckSymbolExists.c.o
/usr/bin/cc    -o CMakeFiles/cmTC_4d939.dir/CheckSymbolExists.c.o   -c /home/gabriel/Documents/ENGINE/CMakeFiles/CMakeTmp/CheckSymbolExists.c
Linking C executable cmTC_4d939
/usr/bin/cmake -E cmake_link_script CMakeFiles/cmTC_4d939.dir/link.txt --verbose=1
/usr/bin/cc      CMakeFiles/cmTC_4d939.dir/CheckSymbolExists.c.o  -o cmTC_4d939 
CMakeFiles/cmTC_4d939.dir/CheckSymbolExists.c.o : Dans la fonction « main » :
CheckSymbolExists.c:(.text+0x1b) : référence indéfinie vers « pthread_create »
collect2: error: ld returned 1 exit status
CMakeFiles/cmTC_4d939.dir/build.make:97: recipe for target 'cmTC_4d939' failed
make[1]: *** [cmTC_4d939] Error 1
make[1] : on quitte le répertoire « /home/gabriel/Documents/ENGINE/CMakeFiles/CMakeTmp »
Makefile:126: recipe for target 'cmTC_4d939/fast' failed
make: *** [cmTC_4d939/fast] Error 2

File /home/gabriel/Documents/ENGINE/CMakeFiles/CMakeTmp/CheckSymbolExists.c:
/* */
#include <pthread.h>

int main(int argc, char** argv)
{
  (void)argv;
#ifndef pthread_create
  return ((int*)(&pthread_create))[argc];
#else
  (void)argc;
  return 0;
#endif
}

Determining if the function pthread_create exists in the pthreads failed with the following output:
Change Dir: /home/gabriel/Documents/ENGINE/CMakeFiles/CMakeTmp

Run Build Command:"/usr/bin/make" "cmTC_0de59/fast"
/usr/bin/make -f CMakeFiles/cmTC_0de59.dir/build.make CMakeFiles/cmTC_0de59.dir/build
make[1] : on entre dans le répertoire « /home/gabriel/Documents/ENGINE/CMakeFiles/CMakeTmp »
Building C object CMakeFiles/cmTC_0de59.dir/CheckFunctionExists.c.o
/usr/bin/cc   -DCHECK_FUNCTION_EXISTS=pthread_create   -o CMakeFiles/cmTC_0de59.dir/CheckFunctionExists.c.o   -c /usr/share/cmake-3.10/Modules/CheckFunctionExists.c
Linking C executable cmTC_0de59
/usr/bin/cmake -E cmake_link_script CMakeFiles/cmTC_0de59.dir/link.txt --verbose=1
/usr/bin/cc  -DCHECK_FUNCTION_EXISTS=pthread_create    CMakeFiles/cmTC_0de59.dir/CheckFunctionExists.c.o  -o cmTC_0de59 -lpthreads 
/usr/bin/ld : ne peut trouver -lpthreads
collect2: error: ld returned 1 exit status
CMakeFiles/cmTC_0de59.dir/build.make:97: recipe for target 'cmTC_0de59' failed
make[1]: *** [cmTC_0de59] Error 1
make[1] : on quitte le répertoire « /home/gabriel/Documents/ENGINE/CMakeFiles/CMakeTmp »
Makefile:126: recipe for target 'cmTC_0de59/fast' failed
make: *** [cmTC_0de59/fast] Error 2


